빌드 시작: 2020-09-21 오전 9:50:51
     1>2 노드의 "C:\Users\Sunrin\Desktop\CppNote\Example\Example\Example.vcxproj" 프로젝트(Build 대상)입니다.
     1>ClCompile:
         C:\Program Files (x86)\Microsoft Visual Studio 12.0\VC\bin\CL.exe /c /ZI /nologo /W3 /WX- /sdl /Od /Oy- /D WIN32 /D _DEBUG /D _CONSOLE /D _LIB /D _UNICODE /D UNICODE /Gm /EHsc /RTC1 /MDd /GS /fp:precise /Zc:wchar_t /Zc:forScope /Fo"Debug\\" /Fd"Debug\vc120.pdb" /Gd /TP /analyze- /errorReport:prompt ex10.cpp ex9.cpp
         ex9.cpp
         ex10.cpp
         코드를 생성하고 있습니다...
       Link:
         C:\Program Files (x86)\Microsoft Visual Studio 12.0\VC\bin\link.exe /ERRORREPORT:PROMPT /OUT:"C:\Users\Sunrin\Desktop\CppNote\Example\Debug\Example.exe" /INCREMENTAL /NOLOGO kernel32.lib user32.lib gdi32.lib winspool.lib comdlg32.lib advapi32.lib shell32.lib ole32.lib oleaut32.lib uuid.lib odbc32.lib odbccp32.lib /MANIFEST /MANIFESTUAC:"level='asInvoker' uiAccess='false'" /manifest:embed /DEBUG /PDB:"C:\Users\Sunrin\Desktop\CppNote\Example\Debug\Example.pdb" /SUBSYSTEM:CONSOLE /TLBID:1 /DYNAMICBASE /NXCOMPAT /IMPLIB:"C:\Users\Sunrin\Desktop\CppNote\Example\Debug\Example.lib" /MACHINE:X86 Debug\ex1.obj
         Debug\ex10.obj
         Debug\ex2.obj
         Debug\ex3.obj
         Debug\ex4.obj
         Debug\ex5.obj
         Debug\ex6.obj
         Debug\ex7.obj
         Debug\ex8.obj
         Debug\ex9.obj
         Example.vcxproj -> C:\Users\Sunrin\Desktop\CppNote\Example\Debug\Example.exe
     1>"C:\Users\Sunrin\Desktop\CppNote\Example\Example\Example.vcxproj" 프로젝트를 빌드했습니다(Build 대상).

빌드했습니다.

경과 시간: 00:00:01.03
